[  .000000] Initializing cgroup subsys cpuset
[    0.000000] Initializingg cgroup subsys cpu
[    0.000000] Initializing cgroup subsys cpuacct
[    0.000000] Linux version 4.4.0-134-generic (buildd@lgw01-amd64-033) (gcc version 5.4.0 20160609 (Ubuntu 5.4.0-6ubuntu1~16.04.10) ) #160-Ubuntu SMP Wed Aug 15 14:58:00 UTC 2018 (Ubuntu 4.4.0-134.160-generic 4.4.140)
[    0.000000] Command line: BOOT_IMAGE=/boot/vmlinuz-4.4.0-134-generic root=UUID=0c9057f0-d554-45cb-b892-2d5a78c729d0 ro console=tty1 console=ttyS0
[    0.000000] KERNEL supported cpus:
[    0.000000]   Intel GenuineIntel
[    0.000000]   AMD AuthenticAMD
[    0.000000]   Centaur CentaurHauls
[    0.000000] ------------[ cut here ]------------
[    0.000000] WARNING: CPU: 0 PID: 0 at /build/linux-osVS4h/linux-4.4.0/arch/x86/kernel/fpu/xstate.c:517 fpu__init_system_xstate+0x38a/0x759()
[    0.000000] XSAVE consistency problem, dumping leaves
[    0.000000] Modules linked in:
[    0.000000] CPU: 0 PID: 0 Comm: swapper Not tainted 4.4.0-134-generic #160-Ubuntu
[    0.000000]  0000000000000086 fd3bfd120e434b90 ffffffff81e03d70 ffffffff814039f3
[    0.000000]  ffffffff81e03db8 ffffffff81cad1e8 ffffffff81e03da8 ffffffff81084982
[    0.000000]  ffffffff81e03e38 ffffffff81e03e3c 0000000000000008 0000000000000100
[    0.000000] Call Trace:
[    0.000000]  [<ffffffff814039f3>] dump_stack+0x63/0x90
[    0.000000]  [<ffffffff81084982>] warn_slowpath_common+0x82/0xc0
[    0.000000]  [<ffffffff81084a1c>] warn_slowpath_fmt+0x5c/0x80
[    0.000000]  [<ffffffff8108051b>] ? xfeature_size+0x59/0x77
[    0.000000]  [<ffffffff81f731d1>] fpu__init_system_xstate+0x38a/0x759
[    0.000000]  [<ffffffff81f63120>] ? early_idt_handler_array+0x120/0x120
[    0.000000]  [<ffffffff81f72bce>] fpu__init_system+0x1e7/0x28e
[    0.000000]  [<ffffffff81f73d88>] early_cpu_init+0x1fb/0x201
[    0.000000]  [<ffffffff81f73d88>] ? early_cpu_init+0x1fb/0x201
[    0.000000]  [<ffffffff81f6f17d>] setup_arch+0xc0/0xd1f
[    0.000000]  [<ffffffff81f63120>] ? early_idt_handler_array+0x120/0x120
[    0.000000]  [<ffffffff81f63c75>] start_kernel+0xe2/0x4a4
[    0.000000]  [<ffffffff81f63120>] ? early_idt_handler_array+0x120/0x120
[    0.000000]  [<ffffffff81f63339>] x86_64_start_reservations+0x2a/0x2c
[    0.000000]  [<ffffffff81f63485>] x86_64_start_kernel+0x14a/0x16d
[    0.000000] ---[ end trace 4d5ff9f2f68c4233 ]---
[    0.000000] CPUID[0d, 00]: eax=00000007 ebx=00000440 ecx=00000440 edx=00000000
[    0.000000] CPUID[0d, 01]: eax=00000000 ebx=000003c0 ecx=00000000 edx=00000000
[    0.000000] CPUID[0d, 02]: eax=00000100 ebx=00000240 ecx=00000000 edx=00000000
[    0.000000] CPUID[0d, 03]: eax=00000000 ebx=00000000 ecx=00000000 edx=00000000
[    0.000000] CPUID[0d, 04]: eax=00000000 ebx=00000000 ecx=00000000 edx=00000000
[    0.000000] CPUID[0d, 05]: eax=00000000 ebx=00000000 ecx=00000000 edx=00000000
[    0.000000] CPUID[0d, 06]: eax=00000000 ebx=00000000 ecx=00000000 edx=00000000
[    0.000000] CPUID[0d, 07]: eax=00000000 ebx=00000000 ecx=00000000 edx=00000000
[    0.000000] CPUID[0d, 08]: eax=00000000 ebx=00000000 ecx=00000000 edx=00000000
[    0.000000] CPUID[0d, 09]: eax=00000000 ebx=00000000 ecx=00000000 edx=00000000
[    0.000000] CPUID[0d, 0a]: eax=00000000 ebx=00000000 ecx=00000000 edx=00000000
[    0.000000] CPUID[0d, 0b]: eax=00000000 ebx=00000000 ecx=00000000 edx=00000000
[    0.000000] CPUID[0d, 0c]: eax=00000000 ebx=00000000 ecx=00000000 edx=00000000
[    0.000000] CPUID[0d, 0d]: eax=00000000 ebx=00000000 ecx=00000000 edx=00000000
[    0.000000] CPUID[0d, 0e]: eax=00000000 ebx=00000000 ecx=00000000 edx=00000000
[    0.000000] CPUID[0d, 0f]: eax=00000000 ebx=00000000 ecx=00000000 edx=00000000
[    0.000000] CPUID[0d, 10]: eax=00000000 ebx=00000000 ecx=00000000 edx=00000000
[    0.000000] CPUID[0d, 11]: eax=00000000 ebx=00000000 ecx=00000000 edx=00000000
[    0.000000] x86/fpu: xstate_offset[2]:  576, xstate_sizes[2]:  256
[    0.000000] x86/fpu: Supporting XSAVE feature 0x01: 'x87 floating point registers'
[    0.000000] x86/fpu: Supporting XSAVE feature 0x02: 'SSE registers'
[    0.000000] x86/fpu: Supporting XSAVE feature 0x04: 'AVX registers'
[    0.000000] x86/fpu: Enabled xstate features 0x7, context size is 1088 bytes, using 'standard' format.
[    0.000000] e820: BIOS-provided physical RAM map:
[    0.000000] BIOS-e820: [mem 0x0000000000000000-0x000000000009fbff] usable
[    0.000000] BIOS-e820: [mem 0x000000000009fc00-0x000000000009ffff] reserved
[    0.000000] BIOS-e820: [mem 0x00000000000f0000-0x00000000000fffff] reserved
[    0.000000] BIOS-e820: [mem 0x0000000000100000-0x000000001ffeffff] usable
[    0.000000] BIOS-e820: [mem 0x000000001fff0000-0x000000001fffffff] ACPI data
[    0.000000] BIOS-e820: [mem 0x00000000fec00000-0x00000000fec00fff] reserved
[    0.000000] BIOS-e820: [mem 0x00000000fee00000-0x00000000fee00fff] reserved
[    0.000000] BIOS-e820: [mem 0x00000000fffc0000-0x00000000ffffffff] reserved
[    0.000000] NX (Execute Disable) protection: active
[    0.000000] SMBIOS 2.5 present.
[    0.000000] Hypervisor detected: KVM
[    0.000000] e820: last_pfn = 0x1fff0 max_arch_pfn = 0x400000000
[    0.000000] MTRR: Disabled
[    0.000000] x86/PAT: MTRRs disabled, skipping PAT initialization too.
[    0.000000] CPU MTRRs all blank - virtualized system.
[    0.000000] x86/PAT: Configuration [0-7]: WB  WT  UC- UC  WB  WT  UC- UC  
[    0.000000] found SMP MP-table at [mem 0x0009fff0-0x0009ffff] mapped at [ffff88000009fff0]
[    0.000000] Scanning 1 areas for low memory corruption
[    0.000000] RAMDISK: [mem 0x1e809000-0x1f705fff]
[    0.000000] ACPI: Early table checksum verification disabled
[    0.000000] ACPI: RSDP 0x00000000000E0000 000024 (v02 VBOX  )
[    0.000000] ACPI: XSDT 0x000000001FFF0030 00003C (v01 VBOX   VBOXXSDT 00000001 ASL  00000061)
[    0.000000] ACPI: FACP 0x000000001FFF00F0 0000F4 (v04 VBOX   VBOXFACP 00000001 ASL  00000061)
[    0.000000] ACPI: DSDT 0x000000001FFF0470 0021FF (v02 VBOX   VBOXBIOS 00000002 INTL 20160108)
[    0.000000] ACPI: FACS 0x000000001FFF0200 000040
[    0.000000] ACPI: FACS 0x000000001FFF0200 000040
[    0.000000] ACPI: APIC 0x000000001FFF0240 00005C (v02 VBOX   VBOXAPIC 00000001 ASL  00000061)
[    0.000000] ACPI: SSDT 0x000000001FFF02A0 0001CC (v01 VBOX   VBOXCPUT 00000002 INTL 20160108)
[    0.000000] No NUMA configuration found
[    0.000000] Faking a node at [mem 0x0000000000000000-0x000000001ffeffff]
[    0.000000] NODE_DATA(0) allocated [mem 0x1ffeb000-0x1ffeffff]
[    0.000000] kvm-clock: Using msrs 4b564d01 and 4b564d00
[    0.000000] kvm-clock: cpu 0, msr 0:1ffe3001, primary cpu clock
[    0.000000] kvm-clock: using sched offset of 4017063603 cycles
[    0.000000] clocksource: kvm-clock: mask: 0xffffffffffffffff max_cycles: 0x1cd42e4dffb, max_idle_ns: 881590591483 ns
[    0.000000] Zone ranges:
[    0.000000]   DMA      [mem 0x0000000000001000-0x0000000000ffffff]
[    0.000000]   DMA32    [mem 0x0000000001000000-0x000000001ffeffff]
[    0.000000]   Normal   empty
[    0.000000]   Device   empty
[    0.000000] Movable zone start for each node
[    0.000000] Early memory node ranges
[    0.000000]   node   0: [mem 0x0000000000001000-0x000000000009efff]
[    0.000000]   node   0: [mem 0x0000000000100000-0x000000001ffeffff]
[    0.000000] Initmem setup node 0 [mem 0x0000000000001000-0x000000001ffeffff]
[    0.000000] ACPI: PM-Timer IO Port: 0x4008
[    0.000000] IOAPIC[0]: apic_id 2, version 32, address 0xfec00000, GSI 0-23
[    0.000000] ACPI: INT_SRC_OVR (bus 0 bus_irq 0 global_irq 2 dfl dfl)
[    0.000000] ACPI: INT_SRC_OVR (bus 0 bus_irq 9 global_irq 9 high level)
[    0.000000] Using ACPI (MADT) for SMP configuration information
[    0.000000] smpboot: Allowing 2 CPUs, 0 hotplug CPUs
[    0.000000] PM: Registered nosave memory: [mem 0x00000000-0x00000fff]
[    0.000000] PM: Registered nosave memory: [mem 0x0009f000-0x0009ffff]
[    0.000000] PM: Registered nosave memory: [mem 0x000a0000-0x000effff]
[    0.000000] PM: Registered nosave memory: [mem 0x000f0000-0x000fffff]
[    0.000000] e820: [mem 0x20000000-0xfebfffff] available for PCI devices
[    0.000000] Booting paravirtualized kernel on KVM
[    0.000000] clocksource: refined-jiffies: mask: 0xffffffff max_cycles: 0xffffffff, max_idle_ns: 7645519600211568 ns
[    0.000000] setup_percpu: NR_CPUS:512 nr_cpumask_bits:512 nr_cpu_ids:2 nr_node_ids:1
[    0.000000] PERCPU: Embedded 34 pages/cpu @ffff88001fc00000 s99544 r8192 d31528 u1048576
[    0.000000] PV qspinlock hash table entries: 256 (order: 0, 4096 bytes)
[    0.000000] Built 1 zonelists in Node order, mobility grouping on.  Total pages: 128888
[    0.000000] Policy zone: DMA32
[    0.000000] Kernel command line: BOOT_IMAGE=/boot/vmlinuz-4.4.0-134-generic root=UUID=0c9057f0-d554-45cb-b892-2d5a78c729d0 ro console=tty1 console=ttyS0
[    0.000000] PID hash table entries: 2048 (order: 2, 16384 bytes)
[    0.000000] Memory: 481088K/523832K available (8554K kernel code, 1314K rwdata, 4004K rodata, 1516K init, 1316K bss, 42744K reserved, 0K cma-reserved)
[    0.000000] SLUB: HWalign=64, Order=0-3, MinObjects=0, CPUs=2, Nodes=1
[    0.000000] Kernel/User page tables isolation: enabled
[    0.000000] Hierarchical RCU implementation.
[    0.000000] 	Build-time adjustment of leaf fanout to 64.
[    0.000000] 	RCU restricting CPUs from NR_CPUS=512 to nr_cpu_ids=2.
[    0.000000] RCU: Adjusting geometry for rcu_fanout_leaf=64, nr_cpu_ids=2
[    0.000000] NR_IRQS:33024 nr_irqs:440 16
[    0.000000] Console: colour VGA+ 80x25
[    0.000000] console [tty1] enabled
[    0.000000] console [ttyS0] enabled
[    0.000000] tsc: Detected 2399.998 MHz processor
[    0.926728] Calibrating delay loop (skipped) preset value.. 4799.99 BogoMIPS (lpj=9599992)
[    0.928461] pid_max: default: 32768 minimum: 301
[    0.929363] ACPI: Core revision 20150930
[    0.931257] ACPI: 2 ACPI AML tables successfully acquired and loaded
[    0.933666] Security Framework initialized
[    0.934529] Yama: becoming mindful.
[    0.935282] AppArmor: AppArmor initialized
[    0.936153] Dentry cache hash table entries: 65536 (order: 7, 524288 bytes)
[    0.937530] Inode-cache hash table entries: 32768 (order: 6, 262144 bytes)
[    0.938961] Mount-cache hash table entries: 1024 (order: 1, 8192 bytes)
[    0.940139] Mountpoint-cache hash table entries: 1024 (order: 1, 8192 bytes)
[    0.941536] Initializing cgroup subsys io
[    0.943533] Initializing cgroup subsys memory
[    1.052475] Initializing cgroup subsys devices
[    1.102879] Initializing cgroup subsys freezer
[    1.226383] Initializing cgroup subsys net_cls
[    1.337164] Initializing cgroup subsys perf_event
[    1.397680] Initializing cgroup subsys net_prio
[    1.404273] Initializing cgroup subsys hugetlb
[    1.405137] Initializing cgroup subsys pids
[    1.407824] mce: CPU supports 0 MCE banks
[    1.413130] Last level iTLB entries: 4KB 64, 2MB 8, 4MB 8
[    1.414119] Last level dTLB entries: 4KB 64, 2MB 0, 4MB 0, 1GB 4
[    1.415276] Spectre V2 : Mitigation: Full generic retpoline
[    1.416287] Spectre V2 : Speculation control IBPB not-supported IBRS not-supported
[    1.417585] Spectre V2 : Filling RSB on context switch
[    1.493287] Speculative Store Bypass: Vulnerable
[    1.507607] Freeing SMP alternatives memory: 32K
[    1.516719] ftrace: allocating 32266 entries in 127 pages
[    1.581340] smpboot: APIC(0) Converting physical 0 to logical package 0
[    1.625444] smpboot: Max logical packages: 1
[    1.626530] x2apic enabled
[    1.627367] Switched APIC routing to physical x2apic.
[    1.629402] ..TIMER: vector=0x30 apic1=0 pin1=2 apic2=-1 pin2=-1
[    1.737920] smpboot: CPU0: Intel(R) Core(TM) i5-6200U CPU @ 2.30GHz (family: 0x6, model: 0x4e, stepping: 0x3)
[    1.775863] Performance Events: unsupported p6 CPU model 78 no PMU driver, software events only.
[    1.777634] KVM setup paravirtual spinlock
[    1.783321] x86: Booting SMP configuration:
[    1.785216] .... node  #0, CPUs:      #1
[    1.786199] kvm-clock: cpu 1, msr 0:1ffe3041, secondary cpu clock
[    1.792422] mce: CPU supports 0 MCE banks
[    1.794951] x86: Booted up 1 node, 2 CPUs
[    1.883048] smpboot: Total of 2 processors activated (9599.99 BogoMIPS)
[    1.982691] devtmpfs: initialized
[    2.022171] evm: security.selinux
[    2.046231] evm: security.SMACK64
[    2.047016] evm: security.SMACK64EXEC
[    2.047768] evm: security.SMACK64TRANSMUTE
[    2.048636] evm: security.SMACK64MMAP
[    2.049393] evm: security.ima
[    2.050095] evm: security.capability
[    2.051153] clocksource: jiffies: mask: 0xffffffff max_cycles: 0xffffffff, max_idle_ns: 7645041785100000 ns
[    2.054087] futex hash table entries: 512 (order: 3, 32768 bytes)
[    2.055420] pinctrl core: initialized pinctrl subsystem
[    2.057625] RTC time:  4:57:02, date: 09/03/18
[    2.058722] NET: Registered protocol family 16
[    2.070500] cpuidle: using governor ladder
[    2.130336] cpuidle: using governor menu
[    2.207376] PCCT header not found.
[    2.230757] ACPI: bus type PCI registered
[    2.231624] acpiphp: ACPI Hot Plug PCI Controller Driver version: 0.5
[    2.317177] PCI: Using configuration type 1 for base access
[    2.362718] ACPI: Added _OSI(Module Device)
[    2.400477] ACPI: Added _OSI(Processor Device)
[    2.440635] ACPI: Added _OSI(3.0 _SCP Extensions)
[    2.441540] ACPI: Added _OSI(Processor Aggregator Device)
[    2.443427] ACPI: Executed 1 blocks of module-level executable AML code
[    2.448083] ACPI: Interpreter enabled
[    2.450011] ACPI: (supports S0 S5)
[    2.450772] ACPI: Using IOAPIC for interrupt routing
[    2.451924] PCI: Using host bridge windows from ACPI; if necessary, use "pci=nocrs" and report a bug
[    2.462448] ACPI: PCI Root Bridge [PCI0] (domain 0000 [bus 00-ff])
[    2.464673] acpi PNP0A03:00: _OSC: OS supports [ASPM ClockPM Segments MSI]
[    2.465896] acpi PNP0A03:00: _OSC: not requesting OS control; OS requires [ExtendedConfig ASPM ClockPM MSI]
[    2.467859] acpi PNP0A03:00: fail to add MMCONFIG information, can't access extended PCI configuration space under this bridge.
[    2.470205] PCI host bridge to bus 0000:00
[    2.555806] pci_bus 0000:00: root bus resource [io  0x0000-0x0cf7 window]
[    2.665162] pci_bus 0000:00: root bus resource [io  0x0d00-0xffff window]
[    2.744969] pci_bus 0000:00: root bus resource [mem 0x000a0000-0x000bffff window]
[    2.746525] pci_bus 0000:00: root bus resource [mem 0x20000000-0xffdfffff window]
[    2.748109] pci_bus 0000:00: root bus resource [bus 00-ff]
[    2.750597] pci 0000:00:01.1: legacy IDE quirk: reg 0x10: [io  0x01f0-0x01f7]
[    2.752925] pci 0000:00:01.1: legacy IDE quirk: reg 0x14: [io  0x03f6]
[    2.754094] pci 0000:00:01.1: legacy IDE quirk: reg 0x18: [io  0x0170-0x0177]
[    2.796954] pci 0000:00:01.1: legacy IDE quirk: reg 0x1c: [io  0x0376]
[    2.813663] pci 0000:00:07.0: quirk: [io  0x4000-0x403f] claimed by PIIX4 ACPI
[    2.821639] pci 0000:00:07.0: quirk: [io  0x4100-0x410f] claimed by PIIX4 SMB
[    2.845919] ACPI: PCI Interrupt Link [LNKA] (IRQs 5 9 10 *11)
[    2.851415] ACPI: PCI Interrupt Link [LNKB] (IRQs 5 9 10 *11)
[    2.852939] ACPI: PCI Interrupt Link [LNKC] (IRQs 5 9 *10 11)
[    2.854533] ACPI: PCI Interrupt Link [LNKD] (IRQs 5 *9 10 11)
[    2.856121] ACPI: Enabled 2 GPEs in block 00 to 07
[    2.857472] vgaarb: setting as boot device: PCI:0000:00:02.0
[    2.865921] vgaarb: device added: PCI:0000:00:02.0,decodes=io+mem,owns=io+mem,locks=none
[    2.867633] vgaarb: loaded
[    2.868314] vgaarb: bridge control possible 0000:00:02.0
[    2.869667] SCSI subsystem initialized
[    2.892461] ACPI: bus type USB registered
[    2.900525] usbcore: registered new interface driver usbfs
[    2.902729] usbcore: registered new interface driver hub
[    2.903820] usbcore: registered new device driver usb
[    2.956418] PCI: Using ACPI for IRQ routing
[    2.958725] NetLabel: Initializing
[    2.983310] NetLabel:  domain hash size = 128
[    2.984167] NetLabel:  protocols = UNLABELED CIPSOv4
[    2.985126] NetLabel:  unlabeled traffic allowed by default
[    2.986421] amd_nb: Cannot enumerate AMD northbridges
[    2.988547] clocksource: Switched to clocksource kvm-clock
[    3.028523] AppArmor: AppArmor Filesystem Enabled
[    3.148313] pnp: PnP ACPI init
[    3.223533] pnp: PnP ACPI: found 3 devices
[    3.278614] clocksource: acpi_pm: mask: 0xffffff max_cycles: 0xffffff, max_idle_ns: 2085701024 ns
[    3.340568] NET: Registered protocol family 2
[    3.341680] TCP established hash table entries: 4096 (order: 3, 32768 bytes)
[    3.450703] TCP bind hash table entries: 4096 (order: 4, 65536 bytes)
[    3.556930] TCP: Hash tables configured (established 4096 bind 4096)
[    3.599051] UDP hash table entries: 256 (order: 1, 8192 bytes)
[    3.676460] UDP-Lite hash table entries: 256 (order: 1, 8192 bytes)
[    3.677704] NET: Registered protocol family 1
[    3.678652] pci 0000:00:00.0: Limiting direct PCI/PCI transfers
[    3.679797] pci 0000:00:01.0: Activating ISA DMA hang workarounds
[    3.681476] Unpacking initramfs...
[    3.938790] Freeing initrd memory: 15348K
[    3.979057] platform rtc_cmos: registered platform RTC device (no PNP device found)
[    3.983669] Scanning for low memory corruption every 60 seconds
[    3.985334] audit: initializing netlink subsys (disabled)
[    3.989120] audit: type=2000 audit(1535950626.463:1): initialized
[    3.990556] Initialise system trusted keyring
[    3.991715] HugeTLB registered 2 MB page size, pre-allocated 0 pages
[    3.994767] zbud: loaded
[    4.019284] VFS: Disk quotas dquot_6.6.0
[    4.022686] VFS: Dquot-cache hash table entries: 512 (order 0, 4096 bytes)
[    4.059409] squashfs: version 4.0 (2009/01/31) Phillip Lougher
[    4.060759] fuse init (API version 7.23)
[    4.068976] Key type big_key registered
[    4.069744] Allocating IMA MOK and blacklist keyrings.
[    4.071716] Key type asymmetric registered
[    4.074005] Asymmetric key parser 'x509' registered
[    4.074920] Block layer SCSI generic (bsg) driver version 0.4 loaded (major 249)
[    4.076381] io scheduler noop registered
[    4.077152] io scheduler deadline registered (default)
[    4.078099] io scheduler cfq registered
[    4.078938] pci_hotplug: PCI Hot Plug PCI Core version: 0.5
[    4.079885] pciehp: PCI Express Hot Plug Controller Driver version: 0.4
[    4.081088] ACPI: AC Adapter [AC] (on-line)
[    4.081949] input: Power Button as /devices/LNXSYSTM:00/LNXPWRBN:00/input/input0
[    4.083331] ACPI: Power Button [PWRF]
[    4.084114] input: Sleep Button as /devices/LNXSYSTM:00/LNXSLPBN:00/input/input1
[    4.085502] ACPI: Sleep Button [SLPF]
[    4.086931] ACPI: Battery Slot [BAT0] (battery present)
[   44.098105] GHES: HEST is not enabled!
[    4.448684] Serial: 8250/16550 driver, 32 ports, IRQ sharing enabled
[    4.630995] 00:02: ttyS0 at I/O 0x3f8 (irq = 4, base_baud = 115200) is a 16550A
[    4.681846] Linux agpgart interface v0.103
[    4.780329] loop: module loaded
[    4.814365] scsi host0: ata_piix
[    4.842716] scsi host1: ata_piix
[    4.843427] ata1: PATA max UDMA/33 cmd 0x1f0 ctl 0x3f6 bmdma 0xd000 irq 14
[    4.844518] ata2: PATA max UDMA/33 cmd 0x170 ctl 0x376 bmdma 0xd008 irq 15
[    4.845793] libphy: Fixed MDIO Bus: probed
[    4.846762] tun: Universal TUN/TAP device driver, 1.6
[    4.847629] tun: (C) 1999-2004 Max Krasnyansky <maxk@qualcomm.com>
[    4.848720] PPP generic driver version 2.4.2
[    4.849560] ehci_hcd: USB 2.0 'Enhanced' Host Controller (EHCI) Driver
[    4.850629] ehci-pci: EHCI PCI platform driver
[    4.856943] ehci-platform: EHCI generic platform driver
[    4.857879] ohci_hcd: USB 1.1 'Open' Host Controller (OHCI) Driver
[    4.858927] ohci-pci: OHCI PCI platform driver
[    4.859733] ohci-platform: OHCI generic platform driver
[    4.860642] uhci_hcd: USB Universal Host Controller Interface driver
[    4.861732] i8042: PNP: PS/2 Controller [PNP0303:PS2K,PNP0f03:PS2M] at 0x60,0x64 irq 1,12
[    4.865342] serio: i8042 KBD port at 0x60,0x64 irq 1
[    4.866589] serio: i8042 AUX port at 0x60,0x64 irq 12
[    4.867583] mousedev: PS/2 mouse device common for all mice
[    4.868789] input: AT Translated Set 2 keyboard as /devices/platform/i8042/serio0/input/input2
[    4.882841] rtc_cmos rtc_cmos: rtc core: registered rtc_cmos as rtc0
[    4.898283] rtc_cmos rtc_cmos: alarms up to one day, 114 bytes nvram
[    4.909307] i2c /dev entries driver
[    4.910120] device-mapper: uevent: version 1.0.3
[    4.911257] device-mapper: ioctl: 4.34.0-ioctl (2015-10-28) initialised: dm-devel@redhat.com
[    4.915570] ledtrig-cpu: registered to indicate activity on CPUs
[    4.917340] NET: Registered protocol family 10
[    4.918615] NET: Registered protocol family 17
[    4.923408] Key type dns_resolver registered
[    4.949410] registered taskstats version 1
[    4.978817] tsc: Refined TSC clocksource calibration: 2399.989 MHz
[    4.979836] clocksource: tsc: mask: 0xffffffffffffffff max_cycles: 0x22982cf31bf, max_idle_ns: 440795239146 ns
[    4.981562] Loading compiled-in X.509 certificates
[    4.993135] Loaded X.509 cert 'Build time autogenerated kernel key: 4eb3d024ac16f76c1747ffd474694c84db21038b'
[    5.042555] zswap: loaded using pool lzo/zbud
[    5.045129] Key type trusted registered
[    5.181846] Key type encrypted registered
[    5.198926] AppArmor: AppArmor sha1 policy hashing enabled
[    5.199876] ima: No TPM chip found, activating TPM-bypass!
[    5.200808] ima: Allocated hash algorithm: sha1
[    5.201665] evm: HMAC attrs: 0x1
[    5.202593]   Magic number: 2:108:969
[    5.207211] rtc_cmos rtc_cmos: setting system clock to 2018-09-03 04:57:05 UTC (1535950625)
[    5.209939] BIOS EDD facility v0.16 2004-Jun-25, 0 devices found
[    5.210945] EDD information not available.
[    5.213005] Freeing unused kernel memory: 1516K
[    5.408645] Write protecting the kernel read-only data: 14336k
[    5.519327] Freeing unused kernel memory: 1672K
[    5.529127] Freeing unused kernel memory: 92K
Loading, please [    5.542683] random: systemd-udevd: uninitialized urandom read (16 bytes read, 3 bits of entropy available)
wait...
startin[    5.543568] random: udevadm: uninitialized urandom read (16 bytes read, 3 bits of entropy available)
g version 229
[    5.543593] random: udevadm: uninitialized urandom read (16 bytes read, 3 bits of entropy available)
[    5.554225] random: udevadm: uninitialized urandom read (16 bytes read, 3 bits of entropy available)
[    5.554342] random: udevadm: uninitialized urandom read (16 bytes read, 3 bits of entropy available)
[    5.554505] random: udevadm: uninitialized urandom read (16 bytes read, 3 bits of entropy available)
[    5.554562] random: udevadm: uninitialized urandom read (16 bytes read, 3 bits of entropy available)
[    5.554619] random: udevadm: uninitialized urandom read (16 bytes read, 3 bits of entropy available)
[    5.554677] random: udevadm: uninitialized urandom read (16 bytes read, 3 bits of entropy available)
[    5.554735] random: udevadm: uninitialized urandom read (16 bytes read, 3 bits of entropy available)
[    5.680132] e1000: Intel(R) PRO/1000 Network Driver - version 7.3.21-k8-NAPI
[    5.868890] e1000: Copyright (c) 1999-2006 Intel Corporation.
[    5.905944] Fusion MPT base driver 3.04.20
[    5.920375] Copyright (c) 1999-2008 LSI Corporation
[    5.945327] Fusion MPT SPI Host driver 3.04.20
[    5.966110] mptbase: ioc0: Initiating bringup
[    5.992826] AVX version of gcm_enc/dec engaged.
[    6.009079] AES CTR mode by8 optimization enabled
[    6.049019] ioc0: LSI53C1030 A0: Capabilities={Initiator}
[    6.216197] input: ImExPS/2 Generic Explorer Mouse as /devices/platform/i8042/serio1/input/input4
[    6.369767] scsi host2: ioc0: LSI53C1030 A0, FwRev=00000000h, Ports=1, MaxQ=256, IRQ=20
[    6.577023] scsi 2:0:0:0: Direct-Access     VBOX     HARDDISK         1.0  PQ: 0 ANSI: 5
[    6.919343] scsi target2:0:0: Beginning Domain Validation
[    6.921439] scsi target2:0:0: Domain Validation skipping write tests
[    6.938802] scsi target2:0:0: Ending Domain Validation
[    6.960815] scsi target2:0:0: asynchronous
[    6.992704] scsi 2:0:1:0: Direct-Access     VBOX     HARDDISK         1.0  PQ: 0 ANSI: 5
[    7.004852] scsi target2:0:1: Beginning Domain Validation
[    7.013494] scsi target2:0:1: Domain Validation skipping write tests
[    7.016113] scsi target2:0:1: Ending Domain Validation
[    7.017489] scsi target2:0:1: asynchronous
[    7.037633] sd 2:0:0:0: Attached scsi generic sg0 type 0
[    7.074942] sd 2:0:0:0: [sda] 20971520 512-byte logical blocks: (10.7 GB/10.0 GiB)
[    7.076860] sd 2:0:0:0: [sda] Write Protect is off
[    7.104979] sd 2:0:1:0: Attached scsi generic sg1 type 0
[    7.146755] sd 2:0:0:0: [sda] Incomplete mode parameter data
[    7.186064] sd 2:0:0:0: [sda] Assuming drive cache: write through
[    7.187588] sd 2:0:1:0: [sdb] 20480 512-byte logical blocks: (10.5 MB/10.0 MiB)
[    7.191499] sd 2:0:1:0: [sdb] Write Protect is off
[    7.192842] sd 2:0:1:0: [sdb] Incomplete mode parameter data
[    7.195041] sd 2:0:1:0: [sdb] Assuming drive cache: write through
[    7.238821]  sda: sda1
[    7.245417] sd 2:0:0:0: [sda] Attached SCSI disk
[    7.280716] e1000 0000:00:03.0 eth0: (PCI:33MHz:32-bit) 02:17:6d:c2:33:c4
[    7.280721] e1000 0000:00:03.0 eth0: Intel(R) PRO/1000 Network Connection
[    7.324559] e1000 0000:00:03.0 enp0s3: renamed from eth0
[    7.327537] sd 2:0:1:0: [sdb] Attached SCSI disk
Begin: Loading e[    8.776286] md: linear personality registered for level -1
ssential drivers ... [    8.832332] md: multipath personality registered for level -4
[    8.852209] md: raid0 personality registered for level 0
[    8.872522] md: raid1 personality registered for level 1
[    9.088565] raid6: sse2x1   gen()  8015 MB/s
[    9.168697] raid6: sse2x1   xor()  4809 MB/s
[    9.272636] raid6: sse2x2   gen()  9454 MB/s
[    9.352614] raid6: sse2x2   xor()  6490 MB/s
[    9.464564] raid6: sse2x4   gen() 10787 MB/s
[    9.536633] raid6: sse2x4   xor()  7425 MB/s
[    9.574148] raid6: using algorithm sse2x4 gen() 10787 MB/s
[    9.575183] raid6: .... xor() 7425 MB/s, rmw enabled
[    9.576169] raid6: using ssse3x2 recovery algorithm
[    9.578576] xor: automatically using best checksumming function:
[    9.698085]    avx       : 48323.000 MB/sec
[    9.720374] async_tx: api initialized (async)
[    9.749554] md: raid6 personality registered for level 6
[    9.804214] md: raid5 personality registered for level 5
[    9.858097] md: raid4 personality registered for level 4
[    9.904529] md: raid10 personality registered for level 10
done.
Begin: Running /scripts/init-premount ... done.
Begin: Mounting root file system ... Begin: Running /scripts/local-top ... done.
Begin: Running /scripts/local-premount ... [    9.950305] Btrfs loaded
Scanning for Btrfs filesystems
done.
Warning: fsck no[   10.138252] EXT4-fs (sda1): INFO: recovery required on readonly filesystem
t present, so sk[   10.157282] EXT4-fs (sda1): write access will be enabled during recovery
ipping root file system
[   10.495466] EXT4-fs (sda1): orphan cleanup on readonly fs
[   10.655546] EXT4-fs (sda1): 7 orphan inodes deleted
[   10.770544] EXT4-fs (sda1): recovery complete
[   10.873873] EXT4-fs (sda1): mounted filesystem with ordered data mode. Opts: (null)
done.
Begin: Running /scripts/local-bottom ... done.
Begin: Running /scripts/init-bottom ... [   11.149389] random: nonblocking pool is initialized
done.
[   11.997168] systemd[1]: systemd 229 running in system mode. (+PAM +AUDIT +SELINUX +IMA +APPARMOR +SMACK +SYSVINIT +UTMP +LIBCRYPTSETUP +GCRYPT +GNUTLS +ACL +XZ -LZ4 +SECCOMP +BLKID +ELFUTILS +KMOD -IDN)
[   12.202998] systemd[1]: Detected virtualization oracle.
[   12.205144] systemd[1]: Detected architecture x86-64.

Welcome to [1mUbuntu 16.04.5 LTS[0m!

[   12.285406] systemd[1]: Set hostname to <ubuntu-xenial>.
[   14.315392] systemd[1]: Created slice User and Session Slice.
[[0;32m  OK  [0m] Created slice User and Session Slice.
[   14.537160] systemd[1]: Listening on Syslog Socket.
[[0;32m  OK  [0m] Listening on Syslog Socket.
[   14.573119] systemd[1]: Listening on udev Kernel Socket.
[[0;32m  OK  [0m] Listening on udev Kernel Socket.
[   14.575279] systemd[1]: Reached target Swap.
[[0;32m  OK  [0m] Reached target Swap.
[   14.632852] systemd[1]: Started Forward Password Requests to Wall Directory Watch.
[[0;32m  OK  [0m] Started Forward Password Requests to Wall Directory Watch.
[   14.668186] systemd[1]: Listening on Journal Socket (/dev/log).
[[0;32m  OK  [0m] Listening on Journal Socket (/dev/log).
[   14.671460] systemd[1]: Listening on LVM2 metadata daemon socket.
[[0;32m  OK  [0m] Listening on LVM2 metadata daemon socket.
[   14.673874] systemd[1]: Listening on Journal Audit Socket.
[[0;32m  OK  [0m] Listening on Journal Audit Socket.
[   14.676115] systemd[1]: Listening on Device-mapper event daemon FIFOs.
[[0;32m  OK  [0m] Listening on Device-mapper event daemon FIFOs.
[   14.680913] systemd[1]: Reached target System Time Synchronized.
[[0;32m  OK  [0m] Reached target System Time Synchronized.
[   14.683391] systemd[1]: Set up automount Arbitrary Executable File Formats File System Automount Point.
[[0;32m  OK  [0m] Set up automount Arbitrary Executab...ats File System Automount Point.
[   14.686756] systemd[1]: Listening on Journal Socket.
[[0;32m  OK  [0m] Listening on Journal Socket.
[   14.688932] systemd[1]: Reached target User and Group Name Lookups.
[[0;32m  OK  [0m] Reached target User and Group Name Lookups.
[   14.691547] systemd[1]: Created slice System Slice.
[[0;32m  OK  [0m] Created slice System Slice.
[   14.708851] systemd[1]: Mounting POSIX Message Queue File System...
         Mounting POSIX Message Queue File System...
[   14.775865] systemd[1]: Created slice system-serial\x2dgetty.slice.
[[0;32m  OK  [0m] Created slice system-serial\x2dgetty.slice.
[   14.820893] systemd[1]: Starting Set console keymap...
         Starting Set console keymap...
[   14.905812] systemd[1]: Mounting Huge Pages File System...
         Mounting Huge Pages File System...
[   14.995178] systemd[1]: Starting Monitoring of LVM2 mirrors, snapshots etc. using dmeventd or progress polling...
         Starting Monitoring of LVM2 mirrors... dmeventd or progress polling...
[   15.061050] systemd[1]: Starting Nameserver information manager...
         Starting Nameserver information manager...
[   15.165689] systemd[1]: Starting Load Kernel Modules...
         Starting Load Kernel Modules...
[   15.201827] systemd[1]: Starting Remount Root and Kernel File Systems...
         Starting Remount Root and Kernel File Systems...
[   15.214365] systemd[1]: Starting Uncomplicated firewall...
         Starting Uncomplicated firewall...
[   15.227107] systemd[1]: Starting Journal Service...
         Starting Journal Service...
[   15.301036] systemd[1]: Reached target Slices.
[[0;32m  OK  [0m] Reached target Slices.
[   15.316992] systemd[1]: Mounting Debug File System...
         Mounting Debug F[   15.334540] EXT4-fs (sda1): re-mounted. Opts: (null)
ile System...
[   15.359760] systemd[1]: Starting Create list of required static device nodes for the current kernel...
         Starting Create list of required st... nodes for the current kernel...
[   15.376700] systemd[1]: Reached target Encrypted Volumes.
[[0;32m  OK  [0m] Reached target Encrypted Volumes.
[   15.379031] systemd[1]: Started Trigger resolvconf update for networkd DNS.
[[0;32m  OK  [0m] Started Trigger resolvconf update for networkd DNS.
[   15.381659] systemd[1]: Listening on LVM2 poll daemon socket.
[[0;32m  OK  [0m] Listening on LVM2 poll daemon socket.
[   15.389540] systemd[1]: Listening on /dev/initctl Compatibility Named Pipe.
[[0;32m  OK  [0m] Listening on /dev/initctl Compatibility Named Pipe.
[   15.416947] systemd[1]: Listening on udev Control Socket.
[[0;32m  OK  [0m] Listening on udev Control Socket.
[   15.537897] systemd[1]: Mounted POSIX Message Queue File System.
[[0;32m  OK  [0m] Mounted POSIX Message Queue File System.
[   15.572690] systemd[1]: Mounted Debug File System.
[[0;32m  OK  [0m] Mounted Debug File System.
[   15.662792] systemd[1]: Mounted Huge Pages File System.
[[0;32m  OK  [0m] Mounted Huge Pages File System.
[   15.694991] systemd[1]: Started Set console keymap.
[   15.731989] Loading iSCSI transport class v2.0-870.
[[0;32m  OK  [0m] Started Set console keymap.
[   15.793422] systemd[1]: Started Remount Root and Kernel File Systems.
[[0;32m  OK  [0m] Started Remount Root and Kernel File Systems.
[   15.838984] systemd[1]: Started Uncomplicated firewall.
[[0;32m  OK  [0m] Started Uncomplicated firewall.
[   15.841535] systemd[1]: Started Create list of required static device nodes for the current kernel.
[[0;32m  OK  [0m] Started Create list of required sta...ce nodes for the current kernel.
[   15.888995] systemd[1]: Started LVM2 metadata daemon.
[[0;32m  OK  [0m] Started LVM2 metadata daemon[   15.939219] iscsi: registered transport (tcp)
.
[   16.005056] systemd[1]: Starting Create Static Device Nodes in /dev...
         Starting Create Static Device Nodes in /dev...
[   16.134002] systemd[1]: Starting udev Coldplug all Devices...
         Starting udev Coldplug all Devices...
[   16.157099] systemd[1]: Starting Load/Save Random Seed...
         Starting Load/Save Random Seed...
[   16.203316] systemd[1]: Started Journal Service.
[[0;32m  OK  [0m] Started Journal Service.
[[0;32m  OK  [0m] Started Nameserver information manager.
[[0;32m  OK  [0m] Started Load/Save Random Seed.
[[0;32m  OK  [0m] Started udev Coldplug all Devices.
         Starting Flush Journal to Persistent Storage...
[   16.384876] systemd-journald[392]: Received request to flush runtime journal from PID 1
[   16.393970] iscsi: registered transport (iser)
[[0;32m  OK  [0m] Started Load Kernel Modules.
         Mounting FUSE Control File System...
         Starting Apply Kernel Variables...
[[0;32m  OK  [0m] Mounted FUSE Control File System.
[[0;32m  OK  [0m] Started Flush Journal to Persistent Storage.
[[0;32m  OK  [0m] Started Apply Kernel Variables.
[[0;32m  OK  [0m] Started Create Static Device Nodes in /dev.
         Starting udev Kernel Device Manager...
[[0;32m  OK  [0m] Started Monitoring of LVM2 mirrors,...ng dmeventd or progress polling.
[[0;32m  OK  [0m] Started udev Kernel Device Manager.
[[0;32m  OK  [0m] Reached target Local File Systems (Pre).
[[0;32m  OK  [0m] Reached target Local File Systems.
         Starting Set console font and keymap...
         Starting Initial cloud-init job (pre-networking)...
         Starting Tell Plymouth To Write Out Runtime Data...
         Starting Create Volatile Files and Directories...
         Starting LSB: AppArmor initialization...
[[0;32m  OK  [0m] Started Dispatch Password Requests to Console Directory Watch.
[[0;32m  OK  [0m] Found device /dev/ttyS0.
[[0;32m  OK  [0m] Started Tell Plymouth To Write Out Runtime Data.
[[0;32m  OK  [0m] Listening on Load/Save RF Kill Switch Status /dev/rfkill Watch.
[[0;32m  OK  [0m] Started Create Volatile Files and Directories.
         Starting Update UTMP about System Boot/Shutdown...
[[0;32m  OK  [0m] Started Update UTMP about System Boot/Shutdown.
[[0;32m  OK  [0m] Found device 82540EM Gigabit Ethern...r (PRO/1000 MT Desktop Adapter).
[[0;32m  OK  [0m] Started Set console font and keymap.
[[0;32m  OK  [0m] Created slice system-getty.slice.
[[0;32m  OK  [0m] Started LSB: AppArmor initialization.
[   20.414017] cloud-init[484]: Cloud-init v. 18.2 running 'init-local' at Mon, 03 Sep 2018 04:57:22 +0000. Up 19.63 seconds.
[[0;32m  OK  [0m] Started Initial cloud-init job (pre-networking).
[[0;32m  OK  [0m] Reached target Network (Pre).
[[0;32m  OK  [0m] Started ifup for enp0s3.
         Starting Raise network interfaces...
[[0;32m  OK  [0m] Started Raise network interfaces.
[[0;32m  OK  [0m] Reached target Network.
         Starting Initial cloud-init job (metadata service crawler)...
[   22.416233] cloud-init[959]: Cloud-init v. 18.2 running 'init' at Mon, 03 Sep 2018 04:57:24 +0000. Up 21.51 seconds.
[   22.458139] [cloud-init[0;32m  OK  [0m[959]: ] ci-info: +++++++++++++++++++++++++++++++++++++Net device info++++++++++++++++++++++++++++++++++++++Started Initial cloud-init job (metadata service crawler).

[   22.458578] cloud-init[959]: ci-info: +--------+------+----------------------------+---------------+-------+-------------------+
[   22.466719] [cloud-init[0;32m  OK  [0m[959]: ] ci-info: | Device |  Up  |          Address           |      Mask     | Scope |     Hw-Address    |Reached target Network is Online.

[   22.467102] cloud-init[959]: ci-info: +--------+------+----------------------------+---------------+-------+-------------------+
[   22.472708] cloud-init[959]: ci-info: | enp0s3 | True |         10.0.2.15          | 255.255.255.0 |   .   | 02:17:6d:c2:33:c4 |
         Starting iSCSI initiator daemon (iscsid)...
[[0;32m  OK  [0m] Reached target System Initialization.
         Starting Socket activation for snappy daemon.
[[0;32m  OK  [0m] Listening on UUID daemon activation socket.
[   22.502351] cloud-init[959]: ci-info: | enp0s3 | True | fe80::17:6dff:fec2:33c4/64 |       .       |  link | 02:17:6d:c2:33:c4 |
[   22.510618] cloud-init[959]: ci-info: |   lo   | True |         127.0.0.1          |   255.0.0.0   |   .   |         .         |
[   22.515558]          cloud-initStarting LXD - unix socket.
[959]: ci-info: |   lo   | True |          ::1/128           |       .       |  host |         .         |
[   22.524086] [cloud-init[0;32m  OK  [0m[959]: ] ci-info: +--------+------+----------------------------+---------------+-------+-------------------+Started Daily Cleanup of Temporary Directories.

[   22.524474] cloud-init[959]: ci-info: +++++++++++++++++++++++++++Route IPv4 info++++++++++++++++++++++++++++
[   22.533003] cloud-init[959]: ci-info: +-------+-------------+----------+---------------+-----------+-------+
[   22.540230] [cloud-init[0;32m  OK  [0m[959]: ] ci-info: | Route | Destination | Gateway  |    Genmask    | Interface | Flags |Started Daily apt download activities.

[[0;32m  OK  [0m] Started Daily apt upgrade and clean activities.
[[0;32m  OK  [0m] Listening on ACPID Listen Socket.
[   22.540649] cloud-init[959]: ci-info: +-------+-------------+----------+---------------+-----------+-------+
[   22.551669] cloud-init[959]: ci-info: |   0   |   0.0.0.0   | 10.0.2.2 |    0.0.0.0    |   enp0s3  |   UG  |
[   22.553640] cloud-init[959]: ci-info: |   1   |   10.0.2.0  | 0.0.0.0  | 255.255.255.0 |   enp0s3  |   U   |
[   22.562180] [cloud-init[0;32m  OK  [0m[959]: ] ci-info: +-------+-------------+----------+---------------+-----------+-------+Started ACPI Events Check.

[[0;32m  OK  [0m] Reached target Paths.
[[0;32m  OK  [0m] Listening on D-Bus System Message Bus Socket.
[[0;32m  OK  [0m] Reached target Timers.
[[0;32m  OK  [0m] Reached target Cloud-config availability.
[[0;32m  OK  [0m] Listening on Socket activation for snappy daemon.
[[0;32m  OK  [0m] Listening on LXD - unix socket.
[[0;32m  OK  [0m] Started iSCSI initiator daemon (iscsid).
         Starting Login to default iSCSI targets...
[[0;32m  OK  [0m] Reached target Sockets.
[[0;32m  OK  [0m] Reached target Basic System.
         Starting System Logging Service...
[[0;32m  OK  [0m] Started Unattended Upgrades Shutdown.
[[0;32m  OK  [0m] Started D-Bus System Message Bus.
         Starting MySQL Community Server...
         Starting /etc/rc.local Compatibility...
[[0;32m  OK  [0m] Started ACPI event daemon.
         Starting Login Service...
         Starting A high performance web server and a reverse proxy server...
         Starting The PHP 7.0 FastCGI Process Manager...
         Starting OpenBSD Secure Shell server...
[[0;32m  OK  [0m] Started Regular background program processing daemon.
         Starting Virtualbox guest utils...
         Starting LSB: Record successful boot for GRUB...
[[0;32m  OK  [0m] Started FUSE filesystem for LXC.
         Starting Apply the settings specified in cloud-config...
         Starting Snappy daemon...
         Starting LSB: MD monitoring daemon...
         Starting LXD - container startup/shutdown...
[[0;32m  OK  [0m] Started Deferred execution scheduler.
         Starting Accounts Service...
[[0;32m  OK  [0m] Started System Logging Service.
[[0;32m  OK  [0m] Started /etc/rc.local Compatibility.
[[0;32m  OK  [0m] Started Login Service.
[[0;32m  OK  [0m] Started Login to default iSCSI targets.
[[0;32m  OK  [0m] Reached target Remote File Systems (Pre).
[[0;32m  OK  [0m] Reached target Remote File Systems.
         Starting LSB: automatic crash report generation...
         Starting Permit User Sessions...
         Starting LSB: daemon to balance interrupts for SMP systems...
         Starting LSB: Set the CPU Frequency Scaling governor to "ondemand"...
[[0;32m  OK  [0m] Started LSB: Set the CPU Frequency Scaling governor to "ondemand".
[[0;32m  OK  [0m] Started LSB: Record successful boot for GRUB.
[[0;32m  OK  [0m] Started Permit User Sessions.
         Starting Hold until boot process finishes up...
         Starting Terminate Plymouth Boot Screen...
[[0;32m  OK  [0m] Started Hold until boot process finishes up.
[[0;32m  OK  [0m] Started Terminate Plymouth Boot Screen.
[[0;32m  OK  [0m] Started Getty on tty1.
[[0;32m  OK  [0m] Started Serial Getty on ttyS0.
[[0;32m  OK  [0m] Reached target Login Prompts.
         Starting Set console scheme...
[[0;32m  OK  [0m] Started LSB: MD monitoring daemon.
[[0;32m  OK  [0m] Started LSB: automatic crash report generation.
[[0;32m  OK  [0m] Started Set console scheme.
[[0;32m  OK  [0m] Started LSB: daemon to balance interrupts for SMP systems.
[[0;32m  OK  [0m] Started OpenBSD Secure Shell server.
[   26.837201] cloud-init[1069]: Cloud-init v. 18.2 running 'modules:config' at Mon, 03 Sep 2018 04:57:27 +0000. Up 24.60 seconds.
[[0;32m  OK  [0m] Started Apply the settings specified in cloud-config.
[[0;32m  OK  [0m] Started Virtualbox guest utils.
         Starting Authenticate and Authorize Users to Run Privileged Tasks...
[[0;32m  OK  [0m] Started Authenticate and Authorize Users to Run Privileged Tasks.
[[0;32m  OK  [0m] Started Accounts Service.
[[0;32m  OK  [0m] Created slice User Slice of vagrant.
         Starting User Manager for UID 1000...
[[0;32m  OK  [0m] Started Session 1 of user vagrant.
[[0;32m  OK  [0m] Started User Manager for UID 1000.

Ubuntu 16.04.5 LTS ubuntu-xenial ttyS0

ubuntu-xenial login: [   40.591778] cloud-init[1519]: Cloud-init v. 18.2 running 'modules:final' at Mon, 03 Sep 2018 04:57:43 +0000. Up 40.38 seconds.
[   40.592315] cloud-init[1519]: Cloud-init v. 18.2 finished at Mon, 03 Sep 2018 04:57:43 +0000. Datasource DataSourceNoCloud [seed=/dev/sdb][dsmode=net].  Up 40.58 seconds
